build/app/intermediates/manifest_merge_blame_file/release/manifest-merger-blame-release-report.txt
1<?xml version="1.0" encoding="utf-8"?>
2<manifest xmlns:android="http://schemas.android.com/apk/res/android"
3    package="com.siestaadmin.dot2dot"
4    android:versionCode="4"
5    android:versionName="1.0.4" >
6
7    <uses-sdk
8        android:minSdkVersion="29"
8-->src/main/AndroidManifest.xml
9        android:targetSdkVersion="34" />
9-->src/main/AndroidManifest.xml
10
11    <uses-permission android:name="android.permission.INTERNET" />
11-->src/main/AndroidManifest.xml:5:5-67
11-->src/main/AndroidManifest.xml:5:22-64
12    <uses-permission android:name="android.permission.READ_EXTERNAL_STORAGE" />
12-->src/main/AndroidManifest.xml:6:5-79
12-->src/main/AndroidManifest.xml:6:22-77
13    <uses-permission android:name="android.permission.WRITE_EXTERNAL_STORAGE" />
13-->src/main/AndroidManifest.xml:7:5-80
13-->src/main/AndroidManifest.xml:7:22-78
14    <!-- <uses-permission android:name="android.permission.MANAGE_EXTERNAL_STORAGE"/> -->
15    <uses-permission android:name="android.permission.CAMERA" />
15-->src/main/AndroidManifest.xml:9:5-65
15-->src/main/AndroidManifest.xml:9:22-62
16    <uses-permission android:name="android.permission.RECORD_AUDIO" />
16-->src/main/AndroidManifest.xml:10:5-71
16-->src/main/AndroidManifest.xml:10:22-68
17    <uses-permission android:name="android.permission.ACCESS_FINE_LOCATION" />
17-->src/main/AndroidManifest.xml:11:5-79
17-->src/main/AndroidManifest.xml:11:22-76
18    <uses-permission android:name="android.permission.READ_CONTACTS" />
18-->src/main/AndroidManifest.xml:12:5-72
18-->src/main/AndroidManifest.xml:12:22-69
19    <uses-permission android:name="android.permission.MODIFY_AUDIO_SETTINGS" />
19-->src/main/AndroidManifest.xml:13:5-80
19-->src/main/AndroidManifest.xml:13:22-77
20    <uses-permission android:name="android.permission.VIDEO_CAPTURE" />
20-->src/main/AndroidManifest.xml:14:5-72
20-->src/main/AndroidManifest.xml:14:22-69
21    <uses-permission android:name="android.permission.AUDIO_CAPTURE" />
21-->src/main/AndroidManifest.xml:15:5-72
21-->src/main/AndroidManifest.xml:15:22-69
22    <uses-permission android:name="com.google.android.gms.permission.AD_ID" />
22-->src/main/AndroidManifest.xml:16:5-78
22-->src/main/AndroidManifest.xml:16:22-76
23
24    <!-- Permissions options for the `access notification policy` group -->
25    <uses-permission android:name="android.permission.ACCESS_NOTIFICATION_POLICY" />
25-->src/main/AndroidManifest.xml:19:5-84
25-->src/main/AndroidManifest.xml:19:22-82
26
27    <!-- Permissions options for the `notification` group -->
28    <uses-permission android:name="android.permission.POST_NOTIFICATIONS" />
28-->src/main/AndroidManifest.xml:22:5-76
28-->src/main/AndroidManifest.xml:22:22-74
29
30    <uses-feature
30-->src/main/AndroidManifest.xml:24:5-26:36
31        android:name="android.hardware.camera"
31-->src/main/AndroidManifest.xml:25:9-47
32        android:required="false" />
32-->src/main/AndroidManifest.xml:26:9-33
33    <uses-feature
33-->src/main/AndroidManifest.xml:27:5-29:36
34        android:name="android.hardware.location.gps"
34-->src/main/AndroidManifest.xml:28:9-53
35        android:required="false" />
35-->src/main/AndroidManifest.xml:29:9-33
36
37    <uses-permission android:name="android.permission.ACCESS_NETWORK_STATE" />
37-->[:nb_utils] AndroidManifest.xml:8:5-79
37-->[:nb_utils] AndroidManifest.xml:8:22-76
38    <uses-permission android:name="android.permission.WAKE_LOCK" />
38-->[:firebase_messaging] AndroidManifest.xml:8:5-68
38-->[:firebase_messaging] AndroidManifest.xml:8:22-65
39    <uses-permission android:name="android.permission.RECEIVE_BOOT_COMPLETED" />
39-->[:flutter_local_notifications] AndroidManifest.xml:7:5-81
39-->[:flutter_local_notifications] AndroidManifest.xml:7:22-78
40    <uses-permission android:name="android.permission.VIBRATE" />
40-->[:flutter_local_notifications] AndroidManifest.xml:8:5-66
40-->[:flutter_local_notifications] AndroidManifest.xml:8:22-63
41    <uses-permission android:name="android.permission.USE_FULL_SCREEN_INTENT" />
41-->[:flutter_local_notifications] AndroidManifest.xml:9:5-81
41-->[:flutter_local_notifications] AndroidManifest.xml:9:22-78
42    <uses-permission android:name="android.permission.SCHEDULE_EXACT_ALARM" />
42-->[:flutter_local_notifications] AndroidManifest.xml:10:5-79
42-->[:flutter_local_notifications] AndroidManifest.xml:10:22-76
43
44    <queries>
44-->[:file_picker] AndroidManifest.xml:9:5-15:15
45        <intent>
45-->[:file_picker] AndroidManifest.xml:10:9-14:18
46            <action android:name="android.intent.action.GET_CONTENT" />
46-->[:file_picker] AndroidManifest.xml:11:13-72
46-->[:file_picker] AndroidManifest.xml:11:21-69
47
48            <data android:mimeType="*/*" />
48-->[:file_picker] AndroidManifest.xml:13:13-44
48-->[:file_picker] AndroidManifest.xml:13:19-41
49        </intent>
50        <intent>
50-->[com.github.droibit:customtabslauncher:1.6.0] AndroidManifest.xml:10:9-12:18
51            <action android:name="android.support.customtabs.action.CustomTabsService" />
51-->[com.github.droibit:customtabslauncher:1.6.0] AndroidManifest.xml:11:13-90
51-->[com.github.droibit:customtabslauncher:1.6.0] AndroidManifest.xml:11:21-87
52        </intent>
53        <intent>
53-->[com.razorpay:standard-core:1.6.41] AndroidManifest.xml:11:9-17:18
54            <action android:name="android.intent.action.VIEW" />
54-->[com.razorpay:standard-core:1.6.41] AndroidManifest.xml:12:13-65
54-->[com.razorpay:standard-core:1.6.41] AndroidManifest.xml:12:21-62
55
56            <data
56-->[:file_picker] AndroidManifest.xml:13:13-44
57                android:mimeType="*/*"
57-->[:file_picker] AndroidManifest.xml:13:19-41
58                android:scheme="*" />
59        </intent>
60        <intent>
60-->[com.razorpay:standard-core:1.6.41] AndroidManifest.xml:18:9-27:18
61            <action android:name="android.intent.action.VIEW" />
61-->[com.razorpay:standard-core:1.6.41] AndroidManifest.xml:12:13-65
61-->[com.razorpay:standard-core:1.6.41] AndroidManifest.xml:12:21-62
62
63            <category android:name="android.intent.category.BROWSABLE" />
63-->[com.razorpay:standard-core:1.6.41] AndroidManifest.xml:21:13-74
63-->[com.razorpay:standard-core:1.6.41] AndroidManifest.xml:21:23-71
64
65            <data
65-->[:file_picker] AndroidManifest.xml:13:13-44
66                android:host="pay"
67                android:mimeType="*/*"
67-->[:file_picker] AndroidManifest.xml:13:19-41
68                android:scheme="upi" />
69        </intent>
70        <intent>
70-->[com.razorpay:standard-core:1.6.41] AndroidManifest.xml:28:9-30:18
71            <action android:name="android.intent.action.MAIN" />
71-->src/main/AndroidManifest.xml:54:17-68
71-->src/main/AndroidManifest.xml:54:25-66
72        </intent>
73        <intent>
73-->[com.razorpay:standard-core:1.6.41] AndroidManifest.xml:31:9-35:18
74            <action android:name="android.intent.action.SEND" />
74-->[com.razorpay:standard-core:1.6.41] AndroidManifest.xml:32:13-65
74-->[com.razorpay:standard-core:1.6.41] AndroidManifest.xml:32:21-62
75
76            <data android:mimeType="*/*" />
76-->[:file_picker] AndroidManifest.xml:13:13-44
76-->[:file_picker] AndroidManifest.xml:13:19-41
77        </intent>
78        <intent>
78-->[com.razorpay:standard-core:1.6.41] AndroidManifest.xml:36:9-38:18
79            <action android:name="rzp.device_token.share" />
79-->[com.razorpay:standard-core:1.6.41] AndroidManifest.xml:37:13-61
79-->[com.razorpay:standard-core:1.6.41] AndroidManifest.xml:37:21-58
80        </intent>
81    </queries> <!-- Required by older versions of Google Play services to create IID tokens -->
82    <uses-permission android:name="com.google.android.c2dm.permission.RECEIVE" />
82-->[com.google.firebase:firebase-messaging:23.3.1] AndroidManifest.xml:26:5-82
82-->[com.google.firebase:firebase-messaging:23.3.1] AndroidManifest.xml:26:22-79
83    <uses-permission android:name="android.permission.ACCESS_ADSERVICES_ATTRIBUTION" />
83-->[com.google.android.gms:play-services-measurement-api:21.5.0] AndroidManifest.xml:26:5-88
83-->[com.google.android.gms:play-services-measurement-api:21.5.0] AndroidManifest.xml:26:22-85
84    <uses-permission android:name="android.permission.ACCESS_ADSERVICES_AD_ID" />
84-->[com.google.android.gms:play-services-measurement-api:21.5.0] AndroidManifest.xml:27:5-82
84-->[com.google.android.gms:play-services-measurement-api:21.5.0] AndroidManifest.xml:27:22-79
85
86    <uses-feature
86-->[com.google.android.gms:play-services-maps:17.0.0] AndroidManifest.xml:26:5-28:35
87        android:glEsVersion="0x00020000"
87-->[com.google.android.gms:play-services-maps:17.0.0] AndroidManifest.xml:27:9-41
88        android:required="true" />
88-->[com.google.android.gms:play-services-maps:17.0.0] AndroidManifest.xml:28:9-32
89
90    <uses-permission android:name="com.google.android.finsky.permission.BIND_GET_INSTALL_REFERRER_SERVICE" />
90-->[com.google.android.gms:play-services-measurement:21.5.0] AndroidManifest.xml:26:5-110
90-->[com.google.android.gms:play-services-measurement:21.5.0] AndroidManifest.xml:26:22-107
91    <uses-permission android:name="android.permission.FOREGROUND_SERVICE" />
91-->[androidx.work:work-runtime:2.7.1] AndroidManifest.xml:28:5-77
91-->[androidx.work:work-runtime:2.7.1] AndroidManifest.xml:28:22-74
92
93    <permission
93-->[androidx.core:core:1.10.1] AndroidManifest.xml:22:5-24:47
94        android:name="com.siestaadmin.dot2dot.DYNAMIC_RECEIVER_NOT_EXPORTED_PERMISSION"
94-->[androidx.core:core:1.10.1] AndroidManifest.xml:23:9-81
95        android:protectionLevel="signature" />
95-->[androidx.core:core:1.10.1] AndroidManifest.xml:24:9-44
96
97    <uses-permission android:name="com.siestaadmin.dot2dot.DYNAMIC_RECEIVER_NOT_EXPORTED_PERMISSION" />
97-->[androidx.core:core:1.10.1] AndroidManifest.xml:26:5-97
97-->[androidx.core:core:1.10.1] AndroidManifest.xml:26:22-94
98
99    <application
100        android:name="android.app.Application"
100-->src/main/AndroidManifest.xml:33:9-42
101        android:appComponentFactory="androidx.core.app.CoreComponentFactory"
101-->[androidx.core:core:1.10.1] AndroidManifest.xml:28:18-86
102        android:extractNativeLibs="false"
103        android:icon="@mipmap/ic_launcher"
103-->src/main/AndroidManifest.xml:34:9-43
104        android:label="Siesta Admin"
104-->src/main/AndroidManifest.xml:32:9-37
105        android:requestLegacyExternalStorage="true"
105-->src/main/AndroidManifest.xml:31:9-52
106        android:usesCleartextTraffic="true" >
106-->src/main/AndroidManifest.xml:35:9-44
107        <activity
107-->src/main/AndroidManifest.xml:36:9-57:20
108            android:name="com.siestaadmin.dot2dot.MainActivity"
108-->src/main/AndroidManifest.xml:37:13-41
109            android:configChanges="orientation|keyboardHidden|keyboard|screenSize|smallestScreenSize|locale|layoutDirection|fontScale|screenLayout|density|uiMode"
109-->src/main/AndroidManifest.xml:42:13-163
110            android:exported="true"
110-->src/main/AndroidManifest.xml:38:13-36
111            android:hardwareAccelerated="true"
111-->src/main/AndroidManifest.xml:43:13-47
112            android:launchMode="singleTop"
112-->src/main/AndroidManifest.xml:40:13-43
113            android:screenOrientation="portrait"
113-->src/main/AndroidManifest.xml:39:13-49
114            android:theme="@style/LaunchTheme"
114-->src/main/AndroidManifest.xml:41:13-47
115            android:windowSoftInputMode="adjustResize" >
115-->src/main/AndroidManifest.xml:44:13-55
116
117            <!--
118                 Specifies an Android theme to apply to this Activity as soon as
119                 the Android process has started. This theme is visible to the user
120                 while the Flutter UI initializes. After that, this theme continues
121                 to determine the Window background behind the Flutter UI.
122            -->
123            <meta-data
123-->src/main/AndroidManifest.xml:49:13-52:17
124                android:name="io.flutter.embedding.android.NormalTheme"
124-->src/main/AndroidManifest.xml:50:15-70
125                android:resource="@style/NormalTheme" />
125-->src/main/AndroidManifest.xml:51:15-52
126
127            <intent-filter>
127-->src/main/AndroidManifest.xml:53:13-56:29
128                <action android:name="android.intent.action.MAIN" />
128-->src/main/AndroidManifest.xml:54:17-68
128-->src/main/AndroidManifest.xml:54:25-66
129
130                <category android:name="android.intent.category.LAUNCHER" />
130-->src/main/AndroidManifest.xml:55:17-76
130-->src/main/AndroidManifest.xml:55:27-74
131            </intent-filter>
132        </activity>
133        <!--
134             Don't delete the meta-data below.
135             This is used by the Flutter tool to generate GeneratedPluginRegistrant.java
136        -->
137        <meta-data
137-->src/main/AndroidManifest.xml:60:9-62:33
138            android:name="flutterEmbedding"
138-->src/main/AndroidManifest.xml:61:13-44
139            android:value="2" />
139-->src/main/AndroidManifest.xml:62:13-30
140
141        <service
141-->[:firebase_database] AndroidManifest.xml:8:9-12:19
142            android:name="com.google.firebase.components.ComponentDiscoveryService"
142-->[:firebase_database] AndroidManifest.xml:8:18-89
143            android:directBootAware="true"
143-->[com.google.firebase:firebase-common:20.4.2] AndroidManifest.xml:32:13-43
144            android:exported="false" >
144-->[com.google.firebase:firebase-crashlytics:18.6.0] AndroidManifest.xml:14:13-37
145            <meta-data
145-->[:firebase_database] AndroidManifest.xml:9:13-11:85
146                android:name="com.google.firebase.components:io.flutter.plugins.firebase.database.FlutterFirebaseAppRegistrar"
146-->[:firebase_database] AndroidManifest.xml:10:17-127
147                android:value="com.google.firebase.components.ComponentRegistrar" />
147-->[:firebase_database] AndroidManifest.xml:11:17-82
148            <meta-data
148-->[:firebase_messaging] AndroidManifest.xml:36:13-38:85
149                android:name="com.google.firebase.components:io.flutter.plugins.firebase.messaging.FlutterFirebaseAppRegistrar"
149-->[:firebase_messaging] AndroidManifest.xml:37:17-128
150                android:value="com.google.firebase.components.ComponentRegistrar" />
150-->[:firebase_messaging] AndroidManifest.xml:38:17-82
151            <meta-data
151-->[:firebase_crashlytics] AndroidManifest.xml:9:13-11:85
152                android:name="com.google.firebase.components:io.flutter.plugins.firebase.crashlytics.FlutterFirebaseAppRegistrar"
152-->[:firebase_crashlytics] AndroidManifest.xml:10:17-130
153                android:value="com.google.firebase.components.ComponentRegistrar" />
153-->[:firebase_crashlytics] AndroidManifest.xml:11:17-82
154            <meta-data
154-->[:firebase_analytics] AndroidManifest.xml:13:13-15:85
155                android:name="com.google.firebase.components:io.flutter.plugins.firebase.analytics.FlutterFirebaseAppRegistrar"
155-->[:firebase_analytics] AndroidManifest.xml:14:17-128
156                android:value="com.google.firebase.components.ComponentRegistrar" />
156-->[:firebase_analytics] AndroidManifest.xml:15:17-82
157            <meta-data
157-->[:firebase_core] AndroidManifest.xml:9:13-11:85
158                android:name="com.google.firebase.components:io.flutter.plugins.firebase.core.FlutterFirebaseCoreRegistrar"
158-->[:firebase_core] AndroidManifest.xml:10:17-124
159                android:value="com.google.firebase.components.ComponentRegistrar" />
159-->[:firebase_core] AndroidManifest.xml:11:17-82
160            <meta-data
160-->[com.google.firebase:firebase-crashlytics:18.6.0] AndroidManifest.xml:15:13-17:85
161                android:name="com.google.firebase.components:com.google.firebase.crashlytics.FirebaseCrashlyticsKtxRegistrar"
161-->[com.google.firebase:firebase-crashlytics:18.6.0] AndroidManifest.xml:16:17-126
162                android:value="com.google.firebase.components.ComponentRegistrar" />
162-->[com.google.firebase:firebase-crashlytics:18.6.0] AndroidManifest.xml:17:17-82
163            <meta-data
163-->[com.google.firebase:firebase-crashlytics:18.6.0] AndroidManifest.xml:18:13-20:85
164                android:name="com.google.firebase.components:com.google.firebase.crashlytics.CrashlyticsRegistrar"
164-->[com.google.firebase:firebase-crashlytics:18.6.0] AndroidManifest.xml:19:17-115
165                android:value="com.google.firebase.components.ComponentRegistrar" />
165-->[com.google.firebase:firebase-crashlytics:18.6.0] AndroidManifest.xml:20:17-82
166            <meta-data
166-->[com.google.firebase:firebase-messaging:23.3.1] AndroidManifest.xml:57:13-59:85
167                android:name="com.google.firebase.components:com.google.firebase.messaging.FirebaseMessagingKtxRegistrar"
167-->[com.google.firebase:firebase-messaging:23.3.1] AndroidManifest.xml:58:17-122
168                android:value="com.google.firebase.components.ComponentRegistrar" />
168-->[com.google.firebase:firebase-messaging:23.3.1] AndroidManifest.xml:59:17-82
169            <meta-data
169-->[com.google.firebase:firebase-messaging:23.3.1] AndroidManifest.xml:60:13-62:85
170                android:name="com.google.firebase.components:com.google.firebase.messaging.FirebaseMessagingRegistrar"
170-->[com.google.firebase:firebase-messaging:23.3.1] AndroidManifest.xml:61:17-119
171                android:value="com.google.firebase.components.ComponentRegistrar" />
171-->[com.google.firebase:firebase-messaging:23.3.1] AndroidManifest.xml:62:17-82
172            <meta-data
172-->[com.google.firebase:firebase-database:20.3.0] AndroidManifest.xml:29:13-31:85
173                android:name="com.google.firebase.components:com.google.firebase.database.FirebaseDatabaseKtxRegistrar"
173-->[com.google.firebase:firebase-database:20.3.0] AndroidManifest.xml:30:17-120
174                android:value="com.google.firebase.components.ComponentRegistrar" />
174-->[com.google.firebase:firebase-database:20.3.0] AndroidManifest.xml:31:17-82
175            <meta-data
175-->[com.google.firebase:firebase-database:20.3.0] AndroidManifest.xml:32:13-34:85
176                android:name="com.google.firebase.components:com.google.firebase.database.DatabaseRegistrar"
176-->[com.google.firebase:firebase-database:20.3.0] AndroidManifest.xml:33:17-109
177                android:value="com.google.firebase.components.ComponentRegistrar" />
177-->[com.google.firebase:firebase-database:20.3.0] AndroidManifest.xml:34:17-82
178            <meta-data
178-->[com.google.firebase:firebase-iid:21.1.0] AndroidManifest.xml:32:13-34:85
179                android:name="com.google.firebase.components:com.google.firebase.iid.Registrar"
179-->[com.google.firebase:firebase-iid:21.1.0] AndroidManifest.xml:33:17-96
180                android:value="com.google.firebase.components.ComponentRegistrar" />
180-->[com.google.firebase:firebase-iid:21.1.0] AndroidManifest.xml:34:17-82
181            <meta-data
181-->[com.google.android.gms:play-services-measurement-api:21.5.0] AndroidManifest.xml:37:13-39:85
182                android:name="com.google.firebase.components:com.google.firebase.analytics.connector.internal.AnalyticsConnectorRegistrar"
182-->[com.google.android.gms:play-services-measurement-api:21.5.0] AndroidManifest.xml:38:17-139
183                android:value="com.google.firebase.components.ComponentRegistrar" />
183-->[com.google.android.gms:play-services-measurement-api:21.5.0] AndroidManifest.xml:39:17-82
184            <meta-data
184-->[com.google.firebase:firebase-sessions:1.2.0] AndroidManifest.xml:29:13-31:85
185                android:name="com.google.firebase.components:com.google.firebase.sessions.FirebaseSessionsRegistrar"
185-->[com.google.firebase:firebase-sessions:1.2.0] AndroidManifest.xml:30:17-117
186                android:value="com.google.firebase.components.ComponentRegistrar" />
186-->[com.google.firebase:firebase-sessions:1.2.0] AndroidManifest.xml:31:17-82
187            <meta-data
187-->[com.google.firebase:firebase-installations:17.2.0] AndroidManifest.xml:15:13-17:85
188                android:name="com.google.firebase.components:com.google.firebase.installations.FirebaseInstallationsKtxRegistrar"
188-->[com.google.firebase:firebase-installations:17.2.0] AndroidManifest.xml:16:17-130
189                android:value="com.google.firebase.components.ComponentRegistrar" />
189-->[com.google.firebase:firebase-installations:17.2.0] AndroidManifest.xml:17:17-82
190            <meta-data
190-->[com.google.firebase:firebase-installations:17.2.0] AndroidManifest.xml:18:13-20:85
191                android:name="com.google.firebase.components:com.google.firebase.installations.FirebaseInstallationsRegistrar"
191-->[com.google.firebase:firebase-installations:17.2.0] AndroidManifest.xml:19:17-127
192                android:value="com.google.firebase.components.ComponentRegistrar" />
192-->[com.google.firebase:firebase-installations:17.2.0] AndroidManifest.xml:20:17-82
193            <meta-data
193-->[com.google.firebase:firebase-common-ktx:20.4.2] AndroidManifest.xml:12:13-14:85
194                android:name="com.google.firebase.components:com.google.firebase.ktx.FirebaseCommonLegacyRegistrar"
194-->[com.google.firebase:firebase-common-ktx:20.4.2] AndroidManifest.xml:13:17-116
195                android:value="com.google.firebase.components.ComponentRegistrar" />
195-->[com.google.firebase:firebase-common-ktx:20.4.2] AndroidManifest.xml:14:17-82
196            <meta-data
196-->[com.google.firebase:firebase-datatransport:18.1.8] AndroidManifest.xml:27:13-29:85
197                android:name="com.google.firebase.components:com.google.firebase.datatransport.TransportRegistrar"
197-->[com.google.firebase:firebase-datatransport:18.1.8] AndroidManifest.xml:28:17-115
198                android:value="com.google.firebase.components.ComponentRegistrar" />
198-->[com.google.firebase:firebase-datatransport:18.1.8] AndroidManifest.xml:29:17-82
199            <meta-data
199-->[com.google.firebase:firebase-common:20.4.2] AndroidManifest.xml:35:13-37:85
200                android:name="com.google.firebase.components:com.google.firebase.FirebaseCommonKtxRegistrar"
200-->[com.google.firebase:firebase-common:20.4.2] AndroidManifest.xml:36:17-109
201                android:value="com.google.firebase.components.ComponentRegistrar" />
201-->[com.google.firebase:firebase-common:20.4.2] AndroidManifest.xml:37:17-82
202        </service>
203        <service
203-->[:firebase_messaging] AndroidManifest.xml:14:9-17:72
204            android:name="io.flutter.plugins.firebase.messaging.FlutterFirebaseMessagingBackgroundService"
204-->[:firebase_messaging] AndroidManifest.xml:15:13-107
205            android:exported="false"
205-->[:firebase_messaging] AndroidManifest.xml:16:13-37
206            android:permission="android.permission.BIND_JOB_SERVICE" />
206-->[:firebase_messaging] AndroidManifest.xml:17:13-69
207        <service
207-->[:firebase_messaging] AndroidManifest.xml:18:9-24:19
208            android:name="io.flutter.plugins.firebase.messaging.FlutterFirebaseMessagingService"
208-->[:firebase_messaging] AndroidManifest.xml:19:13-97
209            android:exported="false" >
209-->[:firebase_messaging] AndroidManifest.xml:20:13-37
210            <intent-filter>
210-->[:firebase_messaging] AndroidManifest.xml:21:13-23:29
211                <action android:name="com.google.firebase.MESSAGING_EVENT" />
211-->[:firebase_messaging] AndroidManifest.xml:22:17-78
211-->[:firebase_messaging] AndroidManifest.xml:22:25-75
212            </intent-filter>
213        </service>
214
215        <receiver
215-->[:firebase_messaging] AndroidManifest.xml:26:9-33:20
216            android:name="io.flutter.plugins.firebase.messaging.FlutterFirebaseMessagingReceiver"
216-->[:firebase_messaging] AndroidManifest.xml:27:13-98
217            android:exported="true"
217-->[:firebase_messaging] AndroidManifest.xml:28:13-36
218            android:permission="com.google.android.c2dm.permission.SEND" >
218-->[:firebase_messaging] AndroidManifest.xml:29:13-73
219            <intent-filter>
219-->[:firebase_messaging] AndroidManifest.xml:30:13-32:29
220                <action android:name="com.google.android.c2dm.intent.RECEIVE" />
220-->[:firebase_messaging] AndroidManifest.xml:31:17-81
220-->[:firebase_messaging] AndroidManifest.xml:31:25-78
221            </intent-filter>
222        </receiver>
223
224        <provider
224-->[:firebase_messaging] AndroidManifest.xml:41:9-45:38
225            android:name="io.flutter.plugins.firebase.messaging.FlutterFirebaseMessagingInitProvider"
225-->[:firebase_messaging] AndroidManifest.xml:42:13-102
226            android:authorities="com.siestaadmin.dot2dot.flutterfirebasemessaginginitprovider"
226-->[:firebase_messaging] AndroidManifest.xml:43:13-88
227            android:exported="false"
227-->[:firebase_messaging] AndroidManifest.xml:44:13-37
228            android:initOrder="99" />
228-->[:firebase_messaging] AndroidManifest.xml:45:13-35
229
230        <receiver
230-->[:flutter_local_notifications] AndroidManifest.xml:14:9-16:40
231            android:name="com.dexterous.flutterlocalnotifications.ActionBroadcastReceiver"
231-->[:flutter_local_notifications] AndroidManifest.xml:15:13-91
232            android:exported="false" />
232-->[:flutter_local_notifications] AndroidManifest.xml:16:13-37
233        <receiver
233-->[:flutter_local_notifications] AndroidManifest.xml:17:9-19:40
234            android:name="com.dexterous.flutterlocalnotifications.ScheduledNotificationReceiver"
234-->[:flutter_local_notifications] AndroidManifest.xml:18:13-97
235            android:exported="false" />
235-->[:flutter_local_notifications] AndroidManifest.xml:19:13-37
236        <receiver
236-->[:flutter_local_notifications] AndroidManifest.xml:20:9-29:20
237            android:name="com.dexterous.flutterlocalnotifications.ScheduledNotificationBootReceiver"
237-->[:flutter_local_notifications] AndroidManifest.xml:21:13-101
238            android:exported="false" >
238-->[:flutter_local_notifications] AndroidManifest.xml:22:13-37
239            <intent-filter>
239-->[:flutter_local_notifications] AndroidManifest.xml:23:13-28:29
240                <action android:name="android.intent.action.BOOT_COMPLETED" />
240-->[:flutter_local_notifications] AndroidManifest.xml:24:17-79
240-->[:flutter_local_notifications] AndroidManifest.xml:24:25-76
241                <action android:name="android.intent.action.MY_PACKAGE_REPLACED" />
241-->[:flutter_local_notifications] AndroidManifest.xml:25:17-84
241-->[:flutter_local_notifications] AndroidManifest.xml:25:25-81
242                <action android:name="android.intent.action.QUICKBOOT_POWERON" />
242-->[:flutter_local_notifications] AndroidManifest.xml:26:17-82
242-->[:flutter_local_notifications] AndroidManifest.xml:26:25-79
243                <action android:name="com.htc.intent.action.QUICKBOOT_POWERON" />
243-->[:flutter_local_notifications] AndroidManifest.xml:27:17-82
243-->[:flutter_local_notifications] AndroidManifest.xml:27:25-79
244            </intent-filter>
245        </receiver>
246
247        <provider
247-->[:share] AndroidManifest.xml:8:9-16:20
248            android:name="io.flutter.plugins.share.ShareFileProvider"
248-->[:share] AndroidManifest.xml:9:13-70
249            android:authorities="com.siestaadmin.dot2dot.flutter.share_provider"
249-->[:share] AndroidManifest.xml:10:13-74
250            android:exported="false"
250-->[:share] AndroidManifest.xml:11:13-37
251            android:grantUriPermissions="true" >
251-->[:share] AndroidManifest.xml:12:13-47
252            <meta-data
252-->[:share] AndroidManifest.xml:13:13-15:68
253                android:name="android.support.FILE_PROVIDER_PATHS"
253-->[:share] AndroidManifest.xml:14:17-67
254                android:resource="@xml/flutter_share_file_paths" />
254-->[:share] AndroidManifest.xml:15:17-65
255        </provider>
256        <provider
256-->[:image_picker_android] AndroidManifest.xml:8:9-16:20
257            android:name="io.flutter.plugins.imagepicker.ImagePickerFileProvider"
257-->[:image_picker_android] AndroidManifest.xml:9:13-82
258            android:authorities="com.siestaadmin.dot2dot.flutter.image_provider"
258-->[:image_picker_android] AndroidManifest.xml:10:13-74
259            android:exported="false"
259-->[:image_picker_android] AndroidManifest.xml:11:13-37
260            android:grantUriPermissions="true" >
260-->[:image_picker_android] AndroidManifest.xml:12:13-47
261            <meta-data
261-->[:share] AndroidManifest.xml:13:13-15:68
262                android:name="android.support.FILE_PROVIDER_PATHS"
262-->[:share] AndroidManifest.xml:14:17-67
263                android:resource="@xml/flutter_image_picker_file_paths" />
263-->[:share] AndroidManifest.xml:15:17-65
264        </provider>
265
266        <activity
266-->[:url_launcher_android] AndroidManifest.xml:8:9-11:74
267            android:name="io.flutter.plugins.urllauncher.WebViewActivity"
267-->[:url_launcher_android] AndroidManifest.xml:9:13-74
268            android:exported="false"
268-->[:url_launcher_android] AndroidManifest.xml:10:13-37
269            android:theme="@android:style/Theme.NoTitleBar.Fullscreen" />
269-->[:url_launcher_android] AndroidManifest.xml:11:13-71
270
271        <receiver
271-->[com.google.firebase:firebase-messaging:23.3.1] AndroidManifest.xml:29:9-40:20
272            android:name="com.google.firebase.iid.FirebaseInstanceIdReceiver"
272-->[com.google.firebase:firebase-messaging:23.3.1] AndroidManifest.xml:30:13-78
273            android:exported="true"
273-->[com.google.firebase:firebase-messaging:23.3.1] AndroidManifest.xml:31:13-36
274            android:permission="com.google.android.c2dm.permission.SEND" >
274-->[com.google.firebase:firebase-messaging:23.3.1] AndroidManifest.xml:32:13-73